
Showing logs for build [32mcb-kubecd-environment-pr-191-13-4rmlb-1[0m stage [32mfrom-build-pack[0m and container [32mstep-credential-initializer-8whbn[0m
{"level":"warn","ts":1585514317.8030035,"logger":"fallback-logger","caller":"logging/config.go:69","msg":"Fetch GitHub commit ID from kodata failed: \"ref: refs/heads/0.8.0-**-support-backwards-incompats\" is not a valid GitHub commit ID"}
{"level":"info","ts":1585514317.8036761,"logger":"fallback-logger","caller":"creds-init/main.go:40","msg":"Credentials initialized."}

Showing logs for build [32mcb-kubecd-environment-pr-191-13-4rmlb-1[0m stage [32mfrom-build-pack[0m and container [32mstep-working-dir-initializer-r8f5z[0m
{"level":"warn","ts":1585514318.8153276,"logger":"fallback-logger","caller":"logging/config.go:69","msg":"Fetch GitHub commit ID from kodata failed: open /var/run/ko/HEAD: no such file or directory"}
{"level":"info","ts":1585514318.8186936,"logger":"fallback-logger","caller":"bash/main.go:64","msg":"Successfully executed command \"sh -c mkdir -p /workspace/source\"; output "}

Showing logs for build [32mcb-kubecd-environment-pr-191-13-4rmlb-1[0m stage [32mfrom-build-pack[0m and container [32mstep-place-tools[0m

Showing logs for build [32mcb-kubecd-environment-pr-191-13-4rmlb-1[0m stage [32mfrom-build-pack[0m and container [32mstep-git-source-cb-kubecd-environment-pr-191-13-4rmlb-v4cm4[0m
{"level":"warn","ts":1585514323.948552,"logger":"fallback-logger","caller":"logging/config.go:69","msg":"Fetch GitHub commit ID from kodata failed: \"ref: refs/heads/0.8.0-**-support-backwards-incompats\" is not a valid GitHub commit ID"}
{"level":"info","ts":1585514325.0895488,"logger":"fallback-logger","caller":"git/git.go:103","msg":"Successfully cloned https://github.com/cb-kubecd/environment-pr-191-133-boot-gke-production.git @ master in path /workspace/source"}

Showing logs for build [32mcb-kubecd-environment-pr-191-13-4rmlb-1[0m stage [32mfrom-build-pack[0m and container [32mstep-git-merge[0m
Using SHAs from PULL_REFS=master:ade42de0b9e090b05dd24cfe00f3a5c43784c77f,1:6694dcbe29dd622b08e6a7ecf094617c69f8392d
DEBUG: LC_ALL=C JX_LOG_LEVEL=error git fetch origin --unshallow 6694dcbe29dd622b08e6a7ecf094617c69f8392d: ade42de0b9e090b05dd24cfe00f3a5c43784c77f:
DEBUG: ran git fetch --unshallow origin 6694dcbe29dd622b08e6a7ecf094617c69f8392d: ade42de0b9e090b05dd24cfe00f3a5c43784c77f: in 
DEBUG: LC_ALL=C JX_LOG_LEVEL=error git branch
DEBUG: JX_LOG_LEVEL=error LC_ALL=C git checkout master
DEBUG: ran git checkout master in 
DEBUG: LC_ALL=C JX_LOG_LEVEL=error git reset --hard ade42de0b9e090b05dd24cfe00f3a5c43784c77f
DEBUG: ran git reset --hard ade42de0b9e090b05dd24cfe00f3a5c43784c77f in 
DEBUG: LC_ALL=C JX_LOG_LEVEL=error git clean -fd .
DEBUG: ran clean --force -d . in 
DEBUG: LC_ALL=C JX_LOG_LEVEL=error git merge 6694dcbe29dd622b08e6a7ecf094617c69f8392d
DEBUG: ran git merge 6694dcbe29dd622b08e6a7ecf094617c69f8392d in 
DEBUG: LC_ALL=C JX_LOG_LEVEL=error git log --format=%H%x1f%an%x1f%ae%x1f%cn%x1f%ce%x1f%s%n%b%x1e ade42de0b9e090b05dd24cfe00f3a5c43784c77f..HEAD
Merged SHA 6694dcbe29dd622b08e6a7ecf094617c69f8392d with commit message 'chore: Promote bdd-spring-1585513350 to version 0.0.1' into base branch master

Showing logs for build [32mcb-kubecd-environment-pr-191-13-4rmlb-1[0m stage [32mfrom-build-pack[0m and container [32mstep-build-helm-build[0m
WARNING: No $CHART_REPOSITORY defined so using the default value of: http://jenkins-x-chartmuseum:8080
Adding missing Helm repo: storage.googleapis.com https://storage.googleapis.com/chartmuseum.jenkins-x.io
WARNING: No secrets found on "helm/repos" due: reading the secret "helm/repos" from vault: no secret "helm/repos" not found in vault
Read credentials for https://storage.googleapis.com/chartmuseum.jenkins-x.io from vault helm/repos
Successfully added Helm repository storage.googleapis.com.
Adding missing Helm repo: jenkins-x-chartmuseum http://jenkins-x-chartmuseum:8080
WARNING: No secrets found on "helm/repos" due: reading the secret "helm/repos" from vault: no secret "helm/repos" not found in vault
Read credentials for http://jenkins-x-chartmuseum:8080 from vault helm/repos
Successfully added Helm repository jenkins-x-chartmuseum.
WARNING: No $CHART_REPOSITORY defined so using the default value of: http://jenkins-x-chartmuseum:8080
Adding missing Helm repo: chartmuseum.jenkins-x.io http://chartmuseum.jenkins-x.io
WARNING: No secrets found on "helm/repos" due: reading the secret "helm/repos" from vault: no secret "helm/repos" not found in vault
Read credentials for http://chartmuseum.jenkins-x.io from vault helm/repos
Successfully added Helm repository chartmuseum.jenkins-x.io.
